<?xml version="1.0" encoding="UTF-8"?>
<robot generator="Robot 7.2.2 (Python 3.13.1 on win32)" generated="2025-04-13T22:08:58.837703" rpa="false" schemaversion="5">
<suite id="s1" name="Test" source="C:\Users\OMISTAJA\Documents\web-kehitys\vite\test">
<suite id="s1-s1" name="Browser Demo" source="C:\Users\OMISTAJA\Documents\web-kehitys\vite\test\browser_demo.robot">
<test id="s1-s1-t1" name="Test Web Form" line="6">
<kw name="New Browser" owner="Browser">
<msg time="2025-04-13T22:08:59.053751" level="INFO">{"browser": "chromium", "headless": false, "chromiumSandbox": false, "devtools": false, "handleSIGHUP": true, "handleSIGINT": true, "handleSIGTERM": true, "slowMo": 0.0, "timeout": 30000.0, "tracesDir": "C:\\Users\\OMISTAJA\\Documents\\web-kehitys\\vite\\outputs\\browser\\traces\\temp\\9a4c5c91-e8ef-4bd3-a0bd-72e4dc2f3cd1"}</msg>
<msg time="2025-04-13T22:08:59.083869" level="INFO">Starting Browser process C:\Users\OMISTAJA\Documents\web-kehitys\vite\.venv\Lib\site-packages\Browser\wrapper\index.js using port 50110</msg>
<msg time="2025-04-13T22:08:59.084120" level="INFO">Node startup parameters: ['node', 'C:\\Users\\OMISTAJA\\Documents\\web-kehitys\\vite\\.venv\\Lib\\site-packages\\Browser\\wrapper\\index.js', '50110']</msg>
<msg time="2025-04-13T22:09:00.450286" level="INFO">Successfully created browser with options: {"browser":"chromium","headless":false,"chromiumSandbox":false,"devtools":false,"handleSIGHUP":true,"handleSIGINT":true,"handleSIGTERM":true,"slowMo":0,"timeout":30000,"tracesDir":"C:\\Users\\OMISTAJA\\Documents\\web-kehitys\\vite\\outputs\\browser\\traces\\temp\\9a4c5c91-e8ef-4bd3-a0bd-72e4dc2f3cd1"}</msg>
<arg>chromium</arg>
<arg>headless=No</arg>
<tag>BrowserControl</tag>
<tag>Setter</tag>
<doc>Create a new playwright Browser with specified options.</doc>
<status status="PASS" start="2025-04-13T22:08:59.052587" elapsed="1.398084"/>
</kw>
<kw name="New Page" owner="Browser">
<msg time="2025-04-13T22:09:00.880187" level="INFO">Successfully initialized new page object and opened url: http://localhost:5173/</msg>
<msg time="2025-04-13T22:09:00.880348" level="INFO">No context was open. New context was automatically opened when this page is created.</msg>
<arg>http://localhost:5173/</arg>
<tag>BrowserControl</tag>
<tag>Setter</tag>
<doc>Open a new Page.</doc>
<status status="PASS" start="2025-04-13T22:09:00.452872" elapsed="0.428918"/>
</kw>
<kw name="Get Title" owner="Browser">
<msg time="2025-04-13T22:09:00.903376" level="INFO">Title: 'Login Page'</msg>
<arg>==</arg>
<arg>Login Page</arg>
<tag>Assertion</tag>
<tag>Getter</tag>
<tag>PageContent</tag>
<doc>Returns the title of the current page.</doc>
<status status="PASS" start="2025-04-13T22:09:00.886039" elapsed="0.017509"/>
</kw>
<kw name="Type Text" owner="Browser">
<msg time="2025-04-13T22:09:00.904671" level="INFO">Types the text 'x345' in the given field.</msg>
<arg>[name="username"]</arg>
<arg>${Username}</arg>
<arg>delay=0.1 s</arg>
<tag>PageContent</tag>
<tag>Setter</tag>
<doc>Types the given ``txt`` into the text field found by ``selector``.</doc>
<status status="PASS" start="2025-04-13T22:09:00.903882" elapsed="0.545904"/>
</kw>
<kw name="Type Secret" owner="Browser">
<arg>[name="password"]</arg>
<arg>$Password</arg>
<arg>delay=0.1 s</arg>
<tag>PageContent</tag>
<tag>Setter</tag>
<doc>Types the given secret from ``variable_name`` into the text field
found by ``selector``.</doc>
<status status="PASS" start="2025-04-13T22:09:01.451009" elapsed="0.997287"/>
</kw>
<kw name="Click" owner="Browser">
<msg time="2025-04-13T22:09:02.451686" level="INFO">Clicks the element 'button[type="submit"]'.</msg>
<arg>button[type="submit"]</arg>
<tag>PageContent</tag>
<tag>Setter</tag>
<doc>Simulates mouse click on the element found by ``selector``.</doc>
<status status="PASS" start="2025-04-13T22:09:02.449563" elapsed="0.068171"/>
</kw>
<kw name="Sleep" owner="BuiltIn">
<msg time="2025-04-13T22:09:04.519155" level="INFO">Slept 2 seconds.</msg>
<arg>2s</arg>
<doc>Pauses the test executed for the given time.</doc>
<status status="PASS" start="2025-04-13T22:09:02.518192" elapsed="2.001228"/>
</kw>
<msg time="2025-04-13T22:09:04.528380" level="INFO">Set timeout to: 10000</msg>
<status status="PASS" start="2025-04-13T22:08:59.051358" elapsed="5.468869"/>
</test>
<status status="PASS" start="2025-04-13T22:08:58.870716" elapsed="5.658962"/>
</suite>
<suite id="s1-s2" name="Logfinenv" source="C:\Users\OMISTAJA\Documents\web-kehitys\vite\test\logfinenv.robot">
<test id="s1-s2-t1" name="Test Web Form" line="6">
<kw name="New Browser" owner="Browser">
<msg time="2025-04-13T22:09:04.557813" level="INFO">Switching browser to browser=e9a2c822-65df-4cb4-ac30-93718c1c6f92</msg>
<msg time="2025-04-13T22:09:04.568508" level="INFO">Successfully changed active browser: browser=e9a2c822-65df-4cb4-ac30-93718c1c6f92</msg>
<msg time="2025-04-13T22:09:04.568754" level="INFO">Reusing existing browser with id: browser=e9a2c822-65df-4cb4-ac30-93718c1c6f92</msg>
<arg>chromium</arg>
<arg>headless=No</arg>
<tag>BrowserControl</tag>
<tag>Setter</tag>
<doc>Create a new playwright Browser with specified options.</doc>
<status status="PASS" start="2025-04-13T22:09:04.557133" elapsed="0.011756"/>
</kw>
<kw name="New Page" owner="Browser">
<msg time="2025-04-13T22:09:04.704395" level="INFO">Successfully initialized new page object and opened url: http://localhost:5173/</msg>
<arg>http://localhost:5173/</arg>
<tag>BrowserControl</tag>
<tag>Setter</tag>
<doc>Open a new Page.</doc>
<status status="PASS" start="2025-04-13T22:09:04.570572" elapsed="0.134313"/>
</kw>
<kw name="Get Title" owner="Browser">
<msg time="2025-04-13T22:09:04.719677" level="INFO">Title: 'Login Page'</msg>
<arg>==</arg>
<arg>Login Page</arg>
<tag>Assertion</tag>
<tag>Getter</tag>
<tag>PageContent</tag>
<doc>Returns the title of the current page.</doc>
<status status="PASS" start="2025-04-13T22:09:04.705258" elapsed="0.014562"/>
</kw>
<kw name="Type Text" owner="Browser">
<msg time="2025-04-13T22:09:04.721099" level="INFO">Types the text 'x345' in the given field.</msg>
<arg>[name="username"]</arg>
<arg>${USER}</arg>
<arg>delay=0.1 s</arg>
<tag>PageContent</tag>
<tag>Setter</tag>
<doc>Types the given ``txt`` into the text field found by ``selector``.</doc>
<status status="PASS" start="2025-04-13T22:09:04.720136" elapsed="0.525685"/>
</kw>
<kw name="Type Secret" owner="Browser">
<arg>[name="password"]</arg>
<arg>$PASSWORD</arg>
<arg>delay=0.1 s</arg>
<tag>PageContent</tag>
<tag>Setter</tag>
<doc>Types the given secret from ``variable_name`` into the text field
found by ``selector``.</doc>
<status status="PASS" start="2025-04-13T22:09:05.246581" elapsed="0.966975"/>
</kw>
<kw name="Click" owner="Browser">
<msg time="2025-04-13T22:09:06.217431" level="INFO">Clicks the element 'button[type="submit"]'.</msg>
<arg>button[type="submit"]</arg>
<tag>PageContent</tag>
<tag>Setter</tag>
<doc>Simulates mouse click on the element found by ``selector``.</doc>
<status status="PASS" start="2025-04-13T22:09:06.214926" elapsed="0.041749"/>
</kw>
<kw name="Sleep" owner="BuiltIn">
<msg time="2025-04-13T22:09:08.258436" level="INFO">Slept 2 seconds.</msg>
<arg>2s</arg>
<doc>Pauses the test executed for the given time.</doc>
<status status="PASS" start="2025-04-13T22:09:06.257092" elapsed="2.001713"/>
</kw>
<msg time="2025-04-13T22:09:08.274236" level="INFO">Set timeout to: 10000</msg>
<status status="PASS" start="2025-04-13T22:09:04.556549" elapsed="3.703527"/>
</test>
<status status="PASS" start="2025-04-13T22:09:04.534963" elapsed="3.742801"/>
</suite>
<suite id="s1-s3" name="Login Crypto" source="C:\Users\OMISTAJA\Documents\web-kehitys\vite\test\login_crypto.robot">
<test id="s1-s3-t1" name="Test Web Form" line="10">
<kw name="New Browser" owner="Browser">
<msg time="2025-04-13T22:09:09.036314" level="INFO">Switching browser to browser=e9a2c822-65df-4cb4-ac30-93718c1c6f92</msg>
<msg time="2025-04-13T22:09:09.045630" level="INFO">Successfully changed active browser: browser=e9a2c822-65df-4cb4-ac30-93718c1c6f92</msg>
<msg time="2025-04-13T22:09:09.045895" level="INFO">Reusing existing browser with id: browser=e9a2c822-65df-4cb4-ac30-93718c1c6f92</msg>
<arg>chromium</arg>
<arg>headless=No</arg>
<tag>BrowserControl</tag>
<tag>Setter</tag>
<doc>Create a new playwright Browser with specified options.</doc>
<status status="PASS" start="2025-04-13T22:09:09.035467" elapsed="0.010745"/>
</kw>
<kw name="New Page" owner="Browser">
<msg time="2025-04-13T22:09:09.151985" level="INFO">Successfully initialized new page object and opened url: http://localhost:5173/</msg>
<arg>http://localhost:5173/</arg>
<tag>BrowserControl</tag>
<tag>Setter</tag>
<doc>Open a new Page.</doc>
<status status="PASS" start="2025-04-13T22:09:09.046562" elapsed="0.105797"/>
</kw>
<kw name="Get Title" owner="Browser">
<msg time="2025-04-13T22:09:09.163885" level="INFO">Title: 'Login Page'</msg>
<arg>==</arg>
<arg>Login Page</arg>
<tag>Assertion</tag>
<tag>Getter</tag>
<tag>PageContent</tag>
<doc>Returns the title of the current page.</doc>
<status status="PASS" start="2025-04-13T22:09:09.153185" elapsed="0.010839"/>
</kw>
<kw name="Type Text" owner="Browser">
<msg time="2025-04-13T22:09:09.164934" level="INFO">Types the text '***' in the given field.</msg>
<arg>[name="username"]</arg>
<arg>${CUSERNAME}</arg>
<arg>delay=0.1 s</arg>
<tag>PageContent</tag>
<tag>Setter</tag>
<doc>Types the given ``txt`` into the text field found by ``selector``.</doc>
<status status="PASS" start="2025-04-13T22:09:09.164291" elapsed="0.498659"/>
</kw>
<kw name="Type Secret" owner="Browser">
<arg>[name="password"]</arg>
<arg>$CPASSWORD</arg>
<arg>delay=0.1 s</arg>
<tag>PageContent</tag>
<tag>Setter</tag>
<doc>Types the given secret from ``variable_name`` into the text field
found by ``selector``.</doc>
<status status="PASS" start="2025-04-13T22:09:09.664119" elapsed="0.978742"/>
</kw>
<kw name="Click" owner="Browser">
<msg time="2025-04-13T22:09:10.646347" level="INFO">Clicks the element 'button[type="submit"]'.</msg>
<arg>button[type="submit"]</arg>
<tag>PageContent</tag>
<tag>Setter</tag>
<doc>Simulates mouse click on the element found by ``selector``.</doc>
<status status="PASS" start="2025-04-13T22:09:10.644096" elapsed="0.045580"/>
</kw>
<kw name="Sleep" owner="BuiltIn">
<msg time="2025-04-13T22:09:12.691961" level="INFO">Slept 2 seconds.</msg>
<arg>2s</arg>
<doc>Pauses the test executed for the given time.</doc>
<status status="PASS" start="2025-04-13T22:09:10.690359" elapsed="2.002109"/>
</kw>
<msg time="2025-04-13T22:09:12.703403" level="INFO">Set timeout to: 10000</msg>
<status status="PASS" start="2025-04-13T22:09:09.032503" elapsed="3.661238"/>
</test>
<status status="PASS" start="2025-04-13T22:09:08.283981" elapsed="4.422385"/>
</suite>
<status status="PASS" start="2025-04-13T22:08:58.839182" elapsed="13.876997"/>
</suite>
<statistics>
<total>
<stat pass="3" fail="0" skip="0">All Tests</stat>
</total>
<tag>
</tag>
<suite>
<stat name="Test" id="s1" pass="3" fail="0" skip="0">Test</stat>
<stat name="Browser Demo" id="s1-s1" pass="1" fail="0" skip="0">Test.Browser Demo</stat>
<stat name="Logfinenv" id="s1-s2" pass="1" fail="0" skip="0">Test.Logfinenv</stat>
<stat name="Login Crypto" id="s1-s3" pass="1" fail="0" skip="0">Test.Login Crypto</stat>
</suite>
</statistics>
<errors>
</errors>
</robot>
